1658393522780	geckodriver	INFO	Listening on 127.0.0.1:52257
1658393522852	mozrunner::runner	INFO	Running command: "/Applications/Firefox.app/Contents/MacOS/firefox-bin" "--marionette" "--remote-debugging-port" "52258" "--remote-allow-hosts" "localhost" "-foreground" "-no-remote" "-profile" "/var/folders/vn/m4l9xpx55q5fs4ztblw9hn180000gn/T/rust_mozprofilehN85L3"
1658393524744	Marionette	INFO	Marionette enabled
1658393524876	Marionette	INFO	Listening on port 52264
WebDriver BiDi listening on ws://localhost:52258
Read port: 52264
2022-07-21 16:52:05.455 plugin-container[14587:601375] nil host used in call to allowsSpecificHTTPSCertificateForHost
2022-07-21 16:52:05.455 plugin-container[14587:601375] nil host used in call to allowsAnyHTTPSCertificateForHost:
2022-07-21 16:52:05.478 plugin-container[14587:601375] nil host used in call to allowsSpecificHTTPSCertificateForHost
2022-07-21 16:52:05.478 plugin-container[14587:601375] nil host used in call to allowsAnyHTTPSCertificateForHost:
2022-07-21 16:52:05.482 plugin-container[14587:601392] nil host used in call to allowsSpecificHTTPSCertificateForHost
2022-07-21 16:52:05.482 plugin-container[14587:601392] nil host used in call to allowsAnyHTTPSCertificateForHost:
Read port: 52264
1658393526643	RemoteAgent	WARN	TLS certificate errors will be ignored for this session
console.warn: SearchSettings: "get: No settings file exists, new profile?" (new NotFoundError("Could not open the file at /var/folders/vn/m4l9xpx55q5fs4ztblw9hn180000gn/T/rust_mozprofilehN85L3/search.json.mozlz4", (void 0)))
DevTools listening on ws://localhost:52258/devtools/browser/71d318c9-9acd-4218-b274-88955e2425c3
console.warn: LoginRecipes: "getRecipes: falling back to a synchronous message for:" "https://asia.pokemon-card.com"
console.warn: LoginRecipes: "getRecipes: falling back to a synchronous message for:" "https://asia.pokemon-card.com"
JavaScript error: resource://gre/modules/LoginManagerParent.jsm, line 136: TypeError: gRecipeManager is null
console.warn: LoginRecipes: "getRecipes: falling back to a synchronous message for:" "https://asia.pokemon-card.com"
JavaScript error: resource://gre/modules/LoginManagerParent.jsm, line 136: TypeError: gRecipeManager is null
console.warn: LoginRecipes: "getRecipes: falling back to a synchronous message for:" "https://asia.pokemon-card.com"
JavaScript error: resource://gre/modules/LoginManagerParent.jsm, line 136: TypeError: gRecipeManager is null
1658393579287	Marionette	INFO	Stopped listening on port 52264
1658393580745	geckodriver	INFO	Listening on 127.0.0.1:52326
1658393581265	mozrunner::runner	INFO	Running command: "/Applications/Firefox.app/Contents/MacOS/firefox-bin" "--marionette" "--remote-debugging-port" "52327" "--remote-allow-hosts" "localhost" "-foreground" "-no-remote" "-profile" "/var/folders/vn/m4l9xpx55q5fs4ztblw9hn180000gn/T/rust_mozprofileD0dlGL"
2022-07-21 16:53:02.224 plugin-container[14629:602878] nil host used in call to allowsSpecificHTTPSCertificateForHost
2022-07-21 16:53:02.224 plugin-container[14629:602878] nil host used in call to allowsAnyHTTPSCertificateForHost:
2022-07-21 16:53:02.231 plugin-container[14629:602878] nil host used in call to allowsSpecificHTTPSCertificateForHost
2022-07-21 16:53:02.231 plugin-container[14629:602878] nil host used in call to allowsAnyHTTPSCertificateForHost:
2022-07-21 16:53:02.234 plugin-container[14629:602881] nil host used in call to allowsSpecificHTTPSCertificateForHost
2022-07-21 16:53:02.234 plugin-container[14629:602881] nil host used in call to allowsAnyHTTPSCertificateForHost:
1658393582396	Marionette	INFO	Marionette enabled
1658393582464	Marionette	INFO	Listening on port 52334
WebDriver BiDi listening on ws://localhost:52327
Read port: 52334
1658393583325	RemoteAgent	WARN	TLS certificate errors will be ignored for this session
console.warn: SearchSettings: "get: No settings file exists, new profile?" (new NotFoundError("Could not open the file at /var/folders/vn/m4l9xpx55q5fs4ztblw9hn180000gn/T/rust_mozprofileD0dlGL/search.json.mozlz4", (void 0)))
DevTools listening on ws://localhost:52327/devtools/browser/035d6c10-f5af-4929-9a2a-14d1740cb9ae
console.warn: LoginRecipes: "getRecipes: falling back to a synchronous message for:" "https://asia.pokemon-card.com"
console.warn: LoginRecipes: "getRecipes: falling back to a synchronous message for:" "https://asia.pokemon-card.com"
JavaScript error: resource://gre/modules/LoginManagerParent.jsm, line 136: TypeError: gRecipeManager is null
console.warn: LoginRecipes: "getRecipes: falling back to a synchronous message for:" "https://asia.pokemon-card.com"
JavaScript error: resource://gre/modules/LoginManagerParent.jsm, line 136: TypeError: gRecipeManager is null
console.warn: LoginRecipes: "getRecipes: falling back to a synchronous message for:" "https://asia.pokemon-card.com"
JavaScript error: resource://gre/modules/LoginManagerParent.jsm, line 136: TypeError: gRecipeManager is null
console.warn: LoginRecipes: "getRecipes: falling back to a synchronous message for:" "https://asia.pokemon-card.com"
JavaScript error: resource://gre/modules/LoginManagerParent.jsm, line 136: TypeError: gRecipeManager is null
console.warn: LoginRecipes: "getRecipes: falling back to a synchronous message for:" "https://asia.pokemon-card.com"
JavaScript error: resource://gre/modules/LoginManagerParent.jsm, line 136: TypeError: gRecipeManager is null
console.warn: LoginRecipes: "getRecipes: falling back to a synchronous message for:" "https://asia.pokemon-card.com"
JavaScript error: resource://gre/modules/LoginManagerParent.jsm, line 136: TypeError: gRecipeManager is null
console.warn: LoginRecipes: "getRecipes: falling back to a synchronous message for:" "https://asia.pokemon-card.com"
JavaScript error: resource://gre/modules/LoginManagerParent.jsm, line 136: TypeError: gRecipeManager is null
console.warn: LoginRecipes: "getRecipes: falling back to a synchronous message for:" "https://asia.pokemon-card.com"
JavaScript error: resource://gre/modules/LoginManagerParent.jsm, line 136: TypeError: gRecipeManager is null
console.warn: LoginRecipes: "getRecipes: falling back to a synchronous message for:" "https://asia.pokemon-card.com"
JavaScript error: resource://gre/modules/LoginManagerParent.jsm, line 136: TypeError: gRecipeManager is null
console.warn: LoginRecipes: "getRecipes: falling back to a synchronous message for:" "https://asia.pokemon-card.com"
JavaScript error: resource://gre/modules/LoginManagerParent.jsm, line 136: TypeError: gRecipeManager is null
console.warn: LoginRecipes: "getRecipes: falling back to a synchronous message for:" "https://asia.pokemon-card.com"
JavaScript error: resource://gre/modules/LoginManagerParent.jsm, line 136: TypeError: gRecipeManager is null
console.warn: LoginRecipes: "getRecipes: falling back to a synchronous message for:" "https://asia.pokemon-card.com"
JavaScript error: resource://gre/modules/LoginManagerParent.jsm, line 136: TypeError: gRecipeManager is null
console.warn: LoginRecipes: "getRecipes: falling back to a synchronous message for:" "https://asia.pokemon-card.com"
JavaScript error: resource://gre/modules/LoginManagerParent.jsm, line 136: TypeError: gRecipeManager is null
console.warn: LoginRecipes: "getRecipes: falling back to a synchronous message for:" "https://asia.pokemon-card.com"
JavaScript error: resource://gre/modules/LoginManagerParent.jsm, line 136: TypeError: gRecipeManager is null
console.warn: LoginRecipes: "getRecipes: falling back to a synchronous message for:" "https://asia.pokemon-card.com"
JavaScript error: resource://gre/modules/LoginManagerParent.jsm, line 136: TypeError: gRecipeManager is null
console.warn: LoginRecipes: "getRecipes: falling back to a synchronous message for:" "https://asia.pokemon-card.com"
JavaScript error: resource://gre/modules/LoginManagerParent.jsm, line 136: TypeError: gRecipeManager is null
console.warn: LoginRecipes: "getRecipes: falling back to a synchronous message for:" "https://asia.pokemon-card.com"
JavaScript error: resource://gre/modules/LoginManagerParent.jsm, line 136: TypeError: gRecipeManager is null
console.warn: LoginRecipes: "getRecipes: falling back to a synchronous message for:" "https://asia.pokemon-card.com"
JavaScript error: resource://gre/modules/LoginManagerParent.jsm, line 136: TypeError: gRecipeManager is null
console.warn: LoginRecipes: "getRecipes: falling back to a synchronous message for:" "https://asia.pokemon-card.com"
JavaScript error: resource://gre/modules/LoginManagerParent.jsm, line 136: TypeError: gRecipeManager is null
console.warn: LoginRecipes: "getRecipes: falling back to a synchronous message for:" "https://asia.pokemon-card.com"
JavaScript error: resource://gre/modules/LoginManagerParent.jsm, line 136: TypeError: gRecipeManager is null
console.warn: LoginRecipes: "getRecipes: falling back to a synchronous message for:" "https://asia.pokemon-card.com"
JavaScript error: resource://gre/modules/LoginManagerParent.jsm, line 136: TypeError: gRecipeManager is null
console.warn: LoginRecipes: "getRecipes: falling back to a synchronous message for:" "https://asia.pokemon-card.com"
JavaScript error: resource://gre/modules/LoginManagerParent.jsm, line 136: TypeError: gRecipeManager is null
console.warn: LoginRecipes: "getRecipes: falling back to a synchronous message for:" "https://asia.pokemon-card.com"
JavaScript error: resource://gre/modules/LoginManagerParent.jsm, line 136: TypeError: gRecipeManager is null
console.warn: LoginRecipes: "getRecipes: falling back to a synchronous message for:" "https://asia.pokemon-card.com"
JavaScript error: resource://gre/modules/LoginManagerParent.jsm, line 136: TypeError: gRecipeManager is null
console.warn: LoginRecipes: "getRecipes: falling back to a synchronous message for:" "https://asia.pokemon-card.com"
JavaScript error: resource://gre/modules/LoginManagerParent.jsm, line 136: TypeError: gRecipeManager is null
console.warn: LoginRecipes: "getRecipes: falling back to a synchronous message for:" "https://asia.pokemon-card.com"
JavaScript error: resource://gre/modules/LoginManagerParent.jsm, line 136: TypeError: gRecipeManager is null
console.warn: LoginRecipes: "getRecipes: falling back to a synchronous message for:" "https://asia.pokemon-card.com"
JavaScript error: resource://gre/modules/LoginManagerParent.jsm, line 136: TypeError: gRecipeManager is null
1658393620366	Marionette	INFO	Stopped listening on port 52334
1658393621793	geckodriver	INFO	Listening on 127.0.0.1:52385
1658393622308	mozrunner::runner	INFO	Running command: "/Applications/Firefox.app/Contents/MacOS/firefox-bin" "--marionette" "--remote-debugging-port" "52386" "--remote-allow-hosts" "localhost" "-foreground" "-no-remote" "-profile" "/var/folders/vn/m4l9xpx55q5fs4ztblw9hn180000gn/T/rust_mozprofilefe3izn"
2022-07-21 16:53:43.566 plugin-container[14645:604005] nil host used in call to allowsSpecificHTTPSCertificateForHost
2022-07-21 16:53:43.566 plugin-container[14645:604005] nil host used in call to allowsAnyHTTPSCertificateForHost:
2022-07-21 16:53:43.574 plugin-container[14645:604005] nil host used in call to allowsSpecificHTTPSCertificateForHost
2022-07-21 16:53:43.574 plugin-container[14645:604005] nil host used in call to allowsAnyHTTPSCertificateForHost:
2022-07-21 16:53:43.574 plugin-container[14645:604000] nil host used in call to allowsSpecificHTTPSCertificateForHost
2022-07-21 16:53:43.575 plugin-container[14645:604000] nil host used in call to allowsAnyHTTPSCertificateForHost:
1658393623598	Marionette	INFO	Marionette enabled
1658393623699	Marionette	INFO	Listening on port 52393
WebDriver BiDi listening on ws://localhost:52386
Read port: 52393
1658393624198	RemoteAgent	WARN	TLS certificate errors will be ignored for this session
console.warn: SearchSettings: "get: No settings file exists, new profile?" (new NotFoundError("Could not open the file at /var/folders/vn/m4l9xpx55q5fs4ztblw9hn180000gn/T/rust_mozprofilefe3izn/search.json.mozlz4", (void 0)))
DevTools listening on ws://localhost:52386/devtools/browser/ea54b1c1-8118-4bdb-b5b9-a1759062535e
console.warn: LoginRecipes: "getRecipes: falling back to a synchronous message for:" "https://asia.pokemon-card.com"
console.warn: LoginRecipes: "getRecipes: falling back to a synchronous message for:" "https://asia.pokemon-card.com"
JavaScript error: resource://gre/modules/LoginManagerParent.jsm, line 136: TypeError: gRecipeManager is null
console.warn: LoginRecipes: "getRecipes: falling back to a synchronous message for:" "https://asia.pokemon-card.com"
JavaScript error: resource://gre/modules/LoginManagerParent.jsm, line 136: TypeError: gRecipeManager is null
console.warn: LoginRecipes: "getRecipes: falling back to a synchronous message for:" "https://asia.pokemon-card.com"
JavaScript error: resource://gre/modules/LoginManagerParent.jsm, line 136: TypeError: gRecipeManager is null
console.warn: LoginRecipes: "getRecipes: falling back to a synchronous message for:" "https://asia.pokemon-card.com"
JavaScript error: resource://gre/modules/LoginManagerParent.jsm, line 136: TypeError: gRecipeManager is null
console.warn: LoginRecipes: "getRecipes: falling back to a synchronous message for:" "https://asia.pokemon-card.com"
JavaScript error: resource://gre/modules/LoginManagerParent.jsm, line 136: TypeError: gRecipeManager is null
console.warn: LoginRecipes: "getRecipes: falling back to a synchronous message for:" "https://asia.pokemon-card.com"
JavaScript error: resource://gre/modules/LoginManagerParent.jsm, line 136: TypeError: gRecipeManager is null
console.warn: LoginRecipes: "getRecipes: falling back to a synchronous message for:" "https://asia.pokemon-card.com"
JavaScript error: resource://gre/modules/LoginManagerParent.jsm, line 136: TypeError: gRecipeManager is null
console.warn: LoginRecipes: "getRecipes: falling back to a synchronous message for:" "https://asia.pokemon-card.com"
JavaScript error: resource://gre/modules/LoginManagerParent.jsm, line 136: TypeError: gRecipeManager is null
console.warn: LoginRecipes: "getRecipes: falling back to a synchronous message for:" "https://asia.pokemon-card.com"
JavaScript error: resource://gre/modules/LoginManagerParent.jsm, line 136: TypeError: gRecipeManager is null
1658393641193	Marionette	INFO	Stopped listening on port 52393
1658393642487	geckodriver	INFO	Listening on 127.0.0.1:52446
1658393643006	mozrunner::runner	INFO	Running command: "/Applications/Firefox.app/Contents/MacOS/firefox-bin" "--marionette" "--remote-debugging-port" "52447" "--remote-allow-hosts" "localhost" "-foreground" "-no-remote" "-profile" "/var/folders/vn/m4l9xpx55q5fs4ztblw9hn180000gn/T/rust_mozprofileyCWeWX"
2022-07-21 16:54:04.175 plugin-container[14661:604649] nil host used in call to allowsSpecificHTTPSCertificateForHost
2022-07-21 16:54:04.176 plugin-container[14661:604649] nil host used in call to allowsAnyHTTPSCertificateForHost:
2022-07-21 16:54:04.187 plugin-container[14661:604649] nil host used in call to allowsSpecificHTTPSCertificateForHost
2022-07-21 16:54:04.187 plugin-container[14661:604649] nil host used in call to allowsAnyHTTPSCertificateForHost:
1658393644194	Marionette	INFO	Marionette enabled
2022-07-21 16:54:04.212 plugin-container[14661:604650] nil host used in call to allowsSpecificHTTPSCertificateForHost
2022-07-21 16:54:04.212 plugin-container[14661:604650] nil host used in call to allowsAnyHTTPSCertificateForHost:
1658393644344	Marionette	INFO	Listening on port 52454
Read port: 52454
WebDriver BiDi listening on ws://localhost:52447
1658393644947	RemoteAgent	WARN	TLS certificate errors will be ignored for this session
console.warn: SearchSettings: "get: No settings file exists, new profile?" (new NotFoundError("Could not open the file at /var/folders/vn/m4l9xpx55q5fs4ztblw9hn180000gn/T/rust_mozprofileyCWeWX/search.json.mozlz4", (void 0)))
DevTools listening on ws://localhost:52447/devtools/browser/6f72555e-1e40-4ede-8316-af6085b6d464
console.warn: LoginRecipes: "getRecipes: falling back to a synchronous message for:" "https://asia.pokemon-card.com"
1658393696069	Marionette	INFO	Stopped listening on port 52454
1658393697412	geckodriver	INFO	Listening on 127.0.0.1:52506
1658393697933	mozrunner::runner	INFO	Running command: "/Applications/Firefox.app/Contents/MacOS/firefox-bin" "--marionette" "--remote-debugging-port" "52507" "--remote-allow-hosts" "localhost" "-foreground" "-no-remote" "-profile" "/var/folders/vn/m4l9xpx55q5fs4ztblw9hn180000gn/T/rust_mozprofileAsgoLE"
2022-07-21 16:54:59.075 plugin-container[14685:605859] nil host used in call to allowsSpecificHTTPSCertificateForHost
2022-07-21 16:54:59.075 plugin-container[14685:605859] nil host used in call to allowsAnyHTTPSCertificateForHost:
1658393699132	Marionette	INFO	Marionette enabled
2022-07-21 16:54:59.233 plugin-container[14685:605859] nil host used in call to allowsSpecificHTTPSCertificateForHost
2022-07-21 16:54:59.233 plugin-container[14685:605859] nil host used in call to allowsAnyHTTPSCertificateForHost:
2022-07-21 16:54:59.237 plugin-container[14685:605864] nil host used in call to allowsSpecificHTTPSCertificateForHost
2022-07-21 16:54:59.237 plugin-container[14685:605864] nil host used in call to allowsAnyHTTPSCertificateForHost:
1658393699340	Marionette	INFO	Listening on port 52514
WebDriver BiDi listening on ws://localhost:52507
Read port: 52514
1658393699750	RemoteAgent	WARN	TLS certificate errors will be ignored for this session
console.warn: SearchSettings: "get: No settings file exists, new profile?" (new NotFoundError("Could not open the file at /var/folders/vn/m4l9xpx55q5fs4ztblw9hn180000gn/T/rust_mozprofileAsgoLE/search.json.mozlz4", (void 0)))
DevTools listening on ws://localhost:52507/devtools/browser/e12448cd-6a32-49d5-afae-ccaf253f83d6
1658393728743	Marionette	INFO	Stopped listening on port 52514
